<?xml version="1.0" encoding="UTF-8"?>
<!-- Generated by org.testng.reporters.JUnitReportReporter -->
<testsuite skipped="0" hostname="LAPTOP-SF05AVNG" name="util.Browserfactory" tests="1" failures="0" timestamp="2021-01-27T23:00:10 EST" time="11.071" errors="0">
  <testcase name="init" time="11.071" classname="util.Browserfactory"/>
  <system-out/>
</testsuite> <!-- util.Browserfactory -->
