<?xml version="1.0" encoding="UTF-8"?>
<!-- Generated by org.testng.reporters.JUnitReportReporter -->
<testsuite skipped="0" hostname="LAPTOP-SF05AVNG" name="test.loginTest" tests="1" failures="0" timestamp="2021-03-10T10:53:13 EST" time="10.913" errors="0">
  <testcase name="ValiduserLogs" time="10.913" classname="test.loginTest"/>
  <system-out/>
</testsuite> <!-- test.loginTest -->
