<?xml version="1.0" encoding="UTF-8"?>
<!-- Generated by org.testng.reporters.JUnitReportReporter -->
<testsuite skipped="0" hostname="LAPTOP-SF05AVNG" name="test.DashBoardTest" tests="1" failures="0" timestamp="2021-03-10T10:54:02 EST" time="16.202" errors="0">
  <testcase name="DAshBoardTest" time="16.202" classname="test.DashBoardTest"/>
  <system-out/>
</testsuite> <!-- test.DashBoardTest -->
