<?xml version="1.0" encoding="UTF-8"?>
<!-- Generated by org.testng.reporters.JUnitReportReporter -->
<testsuite skipped="0" hostname="LAPTOP-SF05AVNG" name="test.AddCustTest" tests="1" failures="0" timestamp="2021-03-10T21:02:15 EST" time="15.463" errors="0">
  <testcase name="DAshBoardTest" time="15.463" classname="test.AddCustTest"/>
  <system-out/>
</testsuite> <!-- test.AddCustTest -->
